# JRE version: Java(TM) SE Runtime Environment (8.0_45-b14) (build 1.8.0_45-b14)
# Java VM: Java HotSpot(TM) 64-Bit Server VM (25.45-b02 mixed mode bsd-amd64 compressed oops)
# JRE version: Java(TM) SE Runtime Environment (8.0_45-b14) (build 1.8.0_45-b14)
# Java VM: Java HotSpot(TM) 64-Bit Server VM (25.45-b02 mixed mode bsd-amd64 compressed oops)
# JRE version: Java(TM) SE Runtime Environment (8.0_45-b14) (build 1.8.0_45-b14)
# Java VM: Java HotSpot(TM) 64-Bit Server VM (25.45-b02 mixed mode bsd-amd64 compressed oops)
Heap:
 PSYoungGen      total 76288K, used 13969K [0x000000076ab00000, 0x0000000770000000, 0x00000007c0000000)
  eden space 65536K, 7% used [0x000000076ab00000,0x000000076b00a978,0x000000076eb00000)
  from space 10752K, 81% used [0x000000076eb00000,0x000000076f399be8,0x000000076f580000)
  to   space 10752K, 0% used [0x000000076f580000,0x000000076f580000,0x0000000770000000)
 ParOldGen       total 175104K, used 8K [0x00000006c0000000, 0x00000006cab00000, 0x000000076ab00000)
  object space 175104K, 0% used [0x00000006c0000000,0x00000006c0002000,0x00000006cab00000)
 Metaspace       used 12201K, capacity 12328K, committed 12672K, reserved 1060864K
  class space    used 1772K, capacity 1808K, committed 1920K, reserved 1048576K
GC Heap History (2 events):
Event: 0.976 GC heap before
{Heap before GC invocations=1 (full 0):
 PSYoungGen      total 76288K, used 65536K [0x000000076ab00000, 0x0000000770000000, 0x00000007c0000000)
  eden space 65536K, 100% used [0x000000076ab00000,0x000000076eb00000,0x000000076eb00000)
  from space 10752K, 0% used [0x000000076f580000,0x000000076f580000,0x0000000770000000)
  to   space 10752K, 0% used [0x000000076eb00000,0x000000076eb00000,0x000000076f580000)
 ParOldGen       total 175104K, used 0K [0x00000006c0000000, 0x00000006cab00000, 0x000000076ab00000)
  object space 175104K, 0% used [0x00000006c0000000,0x00000006c0000000,0x00000006cab00000)
 Metaspace       used 11888K, capacity 12008K, committed 12288K, reserved 1060864K
  class space    used 1720K, capacity 1744K, committed 1792K, reserved 1048576K
Event: 0.985 GC heap after
Heap after GC invocations=1 (full 0):
 PSYoungGen      total 76288K, used 8806K [0x000000076ab00000, 0x0000000770000000, 0x00000007c0000000)
  eden space 65536K, 0% used [0x000000076ab00000,0x000000076ab00000,0x000000076eb00000)
  from space 10752K, 81% used [0x000000076eb00000,0x000000076f399be8,0x000000076f580000)
  to   space 10752K, 0% used [0x000000076f580000,0x000000076f580000,0x0000000770000000)
 ParOldGen       total 175104K, used 8K [0x00000006c0000000, 0x00000006cab00000, 0x000000076ab00000)
  object space 175104K, 0% used [0x00000006c0000000,0x00000006c0002000,0x00000006cab00000)
 Metaspace       used 11888K, capacity 12008K, committed 12288K, reserved 1060864K
  class space    used 1720K, capacity 1744K, committed 1792K, reserved 1048576K
}

# JRE version: Java(TM) SE Runtime Environment (8.0_45-b14) (build 1.8.0_45-b14)
# Java VM: Java HotSpot(TM) 64-Bit Server VM (25.45-b02 mixed mode bsd-amd64 compressed oops)
Heap:
 PSYoungGen      total 232960K, used 8324K [0x00000007aab00000, 0x00000007c0000000, 0x00000007c0000000)
  eden space 116736K, 7% used [0x00000007aab00000,0x00000007ab321168,0x00000007b1d00000)
  from space 116224K, 0% used [0x00000007b1d00000,0x00000007b1d00000,0x00000007b8e80000)
  to   space 116224K, 0% used [0x00000007b8e80000,0x00000007b8e80000,0x00000007c0000000)
 ParOldGen       total 699392K, used 326161K [0x0000000780000000, 0x00000007aab00000, 0x00000007aab00000)
  object space 699392K, 46% used [0x0000000780000000,0x0000000793e84438,0x00000007aab00000)
 Metaspace       used 145682K, capacity 147201K, committed 147608K, reserved 1173504K
  class space    used 22898K, capacity 23325K, committed 23448K, reserved 1048576K
GC Heap History (10 events):
Event: 29.418 GC heap before
{Heap before GC invocations=42 (full 4):
 PSYoungGen      total 237056K, used 236769K [0x00000007aab00000, 0x00000007c0000000, 0x00000007c0000000)
  eden space 189952K, 100% used [0x00000007aab00000,0x00000007b6480000,0x00000007b6480000)
  from space 47104K, 99% used [0x00000007b6480000,0x00000007b9238538,0x00000007b9280000)
  to   space 81920K, 0% used [0x00000007bb000000,0x00000007bb000000,0x00000007c0000000)
 ParOldGen       total 699392K, used 533868K [0x0000000780000000, 0x00000007aab00000, 0x00000007aab00000)
  object space 699392K, 76% used [0x0000000780000000,0x00000007a095b248,0x00000007aab00000)
 Metaspace       used 141546K, capacity 143019K, committed 143384K, reserved 1169408K
  class space    used 22349K, capacity 22785K, committed 22808K, reserved 1048576K
Event: 29.478 GC heap after
Heap after GC invocations=42 (full 4):
 PSYoungGen      total 238592K, used 79100K [0x00000007aab00000, 0x00000007c0000000, 0x00000007c0000000)
  eden space 156672K, 0% used [0x00000007aab00000,0x00000007aab00000,0x00000007b4400000)
  from space 81920K, 96% used [0x00000007bb000000,0x00000007bfd3f050,0x00000007c0000000)
  to   space 96256K, 0% used [0x00000007b4400000,0x00000007b4400000,0x00000007ba200000)
 ParOldGen       total 699392K, used 533876K [0x0000000780000000, 0x00000007aab00000, 0x00000007aab00000)
  object space 699392K, 76% used [0x0000000780000000,0x00000007a095d248,0x00000007aab00000)
 Metaspace       used 141546K, capacity 143019K, committed 143384K, reserved 1169408K
  class space    used 22349K, capacity 22785K, committed 22808K, reserved 1048576K
}
Event: 29.773 GC heap before
{Heap before GC invocations=43 (full 4):
 PSYoungGen      total 238592K, used 235772K [0x00000007aab00000, 0x00000007c0000000, 0x00000007c0000000)
  eden space 156672K, 100% used [0x00000007aab00000,0x00000007b4400000,0x00000007b4400000)
  from space 81920K, 96% used [0x00000007bb000000,0x00000007bfd3f050,0x00000007c0000000)
  to   space 96256K, 0% used [0x00000007b4400000,0x00000007b4400000,0x00000007ba200000)
 ParOldGen       total 699392K, used 533876K [0x0000000780000000, 0x00000007aab00000, 0x00000007aab00000)
  object space 699392K, 76% used [0x0000000780000000,0x00000007a095d248,0x00000007aab00000)
 Metaspace       used 141587K, capacity 143083K, committed 143384K, reserved 1169408K
  class space    used 22356K, capacity 22785K, committed 22808K, reserved 1048576K
Event: 29.873 GC heap after
Heap after GC invocations=43 (full 4):
 PSYoungGen      total 252928K, used 96224K [0x00000007aab00000, 0x00000007c0000000, 0x00000007c0000000)
  eden space 156672K, 0% used [0x00000007aab00000,0x00000007aab00000,0x00000007b4400000)
  from space 96256K, 99% used [0x00000007b4400000,0x00000007ba1f8290,0x00000007ba200000)
  to   space 96256K, 0% used [0x00000007ba200000,0x00000007ba200000,0x00000007c0000000)
 ParOldGen       total 699392K, used 577861K [0x0000000780000000, 0x00000007aab00000, 0x00000007aab00000)
  object space 699392K, 82% used [0x0000000780000000,0x00000007a34515f0,0x00000007aab00000)
 Metaspace       used 141587K, capacity 143083K, committed 143384K, reserved 1169408K
  class space    used 22356K, capacity 22785K, committed 22808K, reserved 1048576K
}
Event: 30.507 GC heap before
{Heap before GC invocations=44 (full 4):
 PSYoungGen      total 252928K, used 252896K [0x00000007aab00000, 0x00000007c0000000, 0x00000007c0000000)
  eden space 156672K, 100% used [0x00000007aab00000,0x00000007b4400000,0x00000007b4400000)
  from space 96256K, 99% used [0x00000007b4400000,0x00000007ba1f8290,0x00000007ba200000)
  to   space 96256K, 0% used [0x00000007ba200000,0x00000007ba200000,0x00000007c0000000)
 ParOldGen       total 699392K, used 577861K [0x0000000780000000, 0x00000007aab00000, 0x00000007aab00000)
  object space 699392K, 82% used [0x0000000780000000,0x00000007a34515f0,0x00000007aab00000)
 Metaspace       used 143509K, capacity 145059K, committed 145432K, reserved 1171456K
  class space    used 22603K, capacity 23019K, committed 23064K, reserved 1048576K
Event: 30.608 GC heap after
Heap after GC invocations=44 (full 4):
 PSYoungGen      total 212992K, used 96228K [0x00000007aab00000, 0x00000007c0000000, 0x00000007c0000000)
  eden space 116736K, 0% used [0x00000007aab00000,0x00000007aab00000,0x00000007b1d00000)
  from space 96256K, 99% used [0x00000007ba200000,0x00000007bfff91d8,0x00000007c0000000)
  to   space 116224K, 0% used [0x00000007b1d00000,0x00000007b1d00000,0x00000007b8e80000)
 ParOldGen       total 699392K, used 618795K [0x0000000780000000, 0x00000007aab00000, 0x00000007aab00000)
  object space 699392K, 88% used [0x0000000780000000,0x00000007a5c4ae18,0x00000007aab00000)
 Metaspace       used 143509K, capacity 145059K, committed 145432K, reserved 1171456K
  class space    used 22603K, capacity 23019K, committed 23064K, reserved 1048576K
}
Event: 31.117 GC heap before
{Heap before GC invocations=45 (full 4):
 PSYoungGen      total 212992K, used 212964K [0x00000007aab00000, 0x00000007c0000000, 0x00000007c0000000)
  eden space 116736K, 100% used [0x00000007aab00000,0x00000007b1d00000,0x00000007b1d00000)
  from space 96256K, 99% used [0x00000007ba200000,0x00000007bfff91d8,0x00000007c0000000)
  to   space 116224K, 0% used [0x00000007b1d00000,0x00000007b1d00000,0x00000007b8e80000)
 ParOldGen       total 699392K, used 618795K [0x0000000780000000, 0x00000007aab00000, 0x00000007aab00000)
  object space 699392K, 88% used [0x0000000780000000,0x00000007a5c4ae18,0x00000007aab00000)
 Metaspace       used 145577K, capacity 147139K, committed 147480K, reserved 1173504K
  class space    used 22882K, capacity 23307K, committed 23320K, reserved 1048576K
Event: 31.203 GC heap after
Heap after GC invocations=45 (full 4):
 PSYoungGen      total 232960K, used 93872K [0x00000007aab00000, 0x00000007c0000000, 0x00000007c0000000)
  eden space 116736K, 0% used [0x00000007aab00000,0x00000007aab00000,0x00000007b1d00000)
  from space 116224K, 80% used [0x00000007b1d00000,0x00000007b78ac018,0x00000007b8e80000)
  to   space 116224K, 0% used [0x00000007b8e80000,0x00000007b8e80000,0x00000007c0000000)
 ParOldGen       total 699392K, used 641306K [0x0000000780000000, 0x00000007aab00000, 0x00000007aab00000)
  object space 699392K, 91% used [0x0000000780000000,0x00000007a72469e8,0x00000007aab00000)
 Metaspace       used 145577K, capacity 147139K, committed 147480K, reserved 1173504K
  class space    used 22882K, capacity 23307K, committed 23320K, reserved 1048576K
}
Event: 31.203 GC heap before
{Heap before GC invocations=46 (full 5):
 PSYoungGen      total 232960K, used 93872K [0x00000007aab00000, 0x00000007c0000000, 0x00000007c0000000)
  eden space 116736K, 0% used [0x00000007aab00000,0x00000007aab00000,0x00000007b1d00000)
  from space 116224K, 80% used [0x00000007b1d00000,0x00000007b78ac018,0x00000007b8e80000)
  to   space 116224K, 0% used [0x00000007b8e80000,0x00000007b8e80000,0x00000007c0000000)
 ParOldGen       total 699392K, used 641306K [0x0000000780000000, 0x00000007aab00000, 0x00000007aab00000)
  object space 699392K, 91% used [0x0000000780000000,0x00000007a72469e8,0x00000007aab00000)
 Metaspace       used 145577K, capacity 147139K, committed 147480K, reserved 1173504K
  class space    used 22882K, capacity 23307K, committed 23320K, reserved 1048576K
Event: 31.834 GC heap after
Heap after GC invocations=46 (full 5):
 PSYoungGen      total 232960K, used 0K [0x00000007aab00000, 0x00000007c0000000, 0x00000007c0000000)
  eden space 116736K, 0% used [0x00000007aab00000,0x00000007aab00000,0x00000007b1d00000)
  from space 116224K, 0% used [0x00000007b1d00000,0x00000007b1d00000,0x00000007b8e80000)
  to   space 116224K, 0% used [0x00000007b8e80000,0x00000007b8e80000,0x00000007c0000000)
 ParOldGen       total 699392K, used 326161K [0x0000000780000000, 0x00000007aab00000, 0x00000007aab00000)
  object space 699392K, 46% used [0x0000000780000000,0x0000000793e84438,0x00000007aab00000)
 Metaspace       used 145522K, capacity 147041K, committed 147480K, reserved 1173504K
  class space    used 22875K, capacity 23293K, committed 23320K, reserved 1048576K
}

