I am trying to follow the instructions in `CMakeLists.txt` to build RocksJava v4.9 on a clean Windows 10.
1. I installed Git and added it to the PATH.
2. I installed Visual Studio Community 2015 (made sure all the C++ stuff was selected).
3. I installed CMake 3.6.1 from cmake.org and added it to the PATH.
4. I installed Oracle JDK 7.
5. I made sure that JAVA_HOME is set to `C:\Program Files\Java\jdk1.7.0_80`
6. I made sure that JDK 7 is on the path, and that `java -version` reports Java 7.
7. I launched the "_Developer Command Prompt_"
8. I checked that (4) and (5) were still reported correctly from the Developer Command Prompt.
9. I switched to my work folder: `cd c:\Users\aretter\code`
10. I cloned RocksDB: `git clone https://github.com/facebook/rocksdb.git`
11. Created the build dir: `mkdir rocksdb\build`
12. Switched to the build dir: `cd rocksdb\build`
13. Ran CMake: `cmake -G "Visual Studio 14 Win64" -DJNI=1 ..`
14. Ran a production build:  `msbuild rocksdb.sln /p:Configuration=Release`

Got the following failure (see below), which is related to missing include paths. Interestingly if I check the file indicated in the errors `java\rocksdbjni.vcxproj`, then I see the following:

``` xml
<AdditionalIncludeDirectories>C:\Users\aretter\code\rocksdb;C:\Users\aretter\code\rocksdb\include;C:\Users\aretter\code\rocksdb\third-party\gtest-1.7.0\fused-src;C:\Program Files\Java\jdk1.7.0_80\include;C:\Program Files\Java\jdk1.7.0_80\include\win32;C:\Users\aretter\code\rocksdb\java;%(AdditionalIncludeDirectories)</AdditionalIncludeDirectories>
```

The build failure:

```
   11>Done Building Project "C:\Users\aretter\code\rocksdb\build\rocksdb.vcxproj.metaproj" (default targets).
    23>FinalizeBuildStatus:
         Deleting file "rocksdb.dir\Release\rocksdb.tlog\unsuccessfulbuild".
         Touching "rocksdb.dir\Release\rocksdb.tlog\rocksdb.lastbuildstate".
     1>Done Building Project "C:\Users\aretter\code\rocksdb\build\rocksdb.sln" (default targets) -- FAILED.
    23>Done Building Project "C:\Users\aretter\code\rocksdb\build\rocksdb.vcxproj" (default targets).

Build FAILED.

"C:\Users\aretter\code\rocksdb\build\rocksdb.sln" (default target) (1) ->
"C:\Users\aretter\code\rocksdb\build\cache_bench.vcxproj.metaproj" (default target) (5) ->
"C:\Users\aretter\code\rocksdb\build\rocksdblib.vcxproj.metaproj" (default target) (8) ->
"C:\Users\aretter\code\rocksdb\build\rocksdblib.vcxproj" (default target) (9) ->
(Lib target) ->
  xfunc_test_points.obj : warning LNK4221: This object file does not define any previously undefined public symbols, so it will not be used by any link operation that consumes this library [C:\Users\aretter\code\rocksdb\build\rocksdblib.vcxproj]


"C:\Users\aretter\code\rocksdb\build\rocksdb.sln" (default target) (1) ->
"C:\Users\aretter\code\rocksdb\build\java\rocksdbjni.vcxproj.metaproj" (default target) (29) ->
"C:\Users\aretter\code\rocksdb\build\java\rocksdbjni.vcxproj" (default target) (30) ->
(ClCompile target) ->
  c:\users\aretter\code\rocksdb\java\rocksjni\backupenginejni.cc(12): fatal error C1083: Cannot open include file: 'include/org_rocksdb_BackupEngine.h': No such file or directory [C:\Users\aretter\code\rocksdb\build\java\rocksdbjni.vcxproj]
  c:\users\aretter\code\rocksdb\java\rocksjni\backupablejni.cc(16): fatal error C1083: Cannot open include file: 'include/org_rocksdb_BackupableDBOptions.h': No such file or directory [C:\Users\aretter\code\rocksdb\build\java\rocksdbjni.vcxproj]
  c:\users\aretter\code\rocksdb\java\rocksjni\checkpoint.cc(14): fatal error C1083: Cannot open include file: 'include/org_rocksdb_Checkpoint.h': No such file or directory [C:\Users\aretter\code\rocksdb\build\java\rocksdbjni.vcxproj]
  c:\users\aretter\code\rocksdb\java\rocksjni\columnfamilyhandle.cc(13): fatal error C1083: Cannot open include file: 'include/org_rocksdb_ColumnFamilyHandle.h': No such file or directory [C:\Users\aretter\code\rocksdb\build\java\rocksdbjni.vcxproj]
  c:\users\aretter\code\rocksdb\java\rocksjni\compaction_filter.cc(11): fatal error C1083: Cannot open include file: 'include/org_rocksdb_AbstractCompactionFilter.h': No such file or directory [C:\Users\aretter\code\rocksdb\build\java\rocksdbjni.vcxproj]
  c:\users\aretter\code\rocksdb\java\rocksjni\comparator.cc(15): fatal error C1083: Cannot open include file: 'include/org_rocksdb_AbstractComparator.h': No such file or directory [C:\Users\aretter\code\rocksdb\build\java\rocksdbjni.vcxproj]
  c:\users\aretter\code\rocksdb\java\rocksjni\env.cc(9): fatal error C1083: Cannot open include file: 'include/org_rocksdb_Env.h': No such file or directory [C:\Users\aretter\code\rocksdb\build\java\rocksdbjni.vcxproj]
  c:\users\aretter\code\rocksdb\java\rocksjni\filter.cc(14): fatal error C1083: Cannot open include file: 'include/org_rocksdb_Filter.h': No such file or directory [C:\Users\aretter\code\rocksdb\build\java\rocksdbjni.vcxproj]
  c:\users\aretter\code\rocksdb\java\rocksjni\iterator.cc(13): fatal error C1083: Cannot open include file: 'include/org_rocksdb_RocksIterator.h': No such file or directory [C:\Users\aretter\code\rocksdb\build\java\rocksdbjni.vcxproj]
  c:\users\aretter\code\rocksdb\java\rocksjni\loggerjnicallback.cc(9): fatal error C1083: Cannot open include file: 'include/org_rocksdb_Logger.h': No such file or directory [C:\Users\aretter\code\rocksdb\build\java\rocksdbjni.vcxproj]
  c:\users\aretter\code\rocksdb\java\rocksjni\memtablejni.cc(9): fatal error C1083: Cannot open include file: 'include/org_rocksdb_HashSkipListMemTableConfig.h': No such file or directory [C:\Users\aretter\code\rocksdb\build\java\rocksdbjni.vcxproj]
  c:\users\aretter\code\rocksdb\java\rocksjni\merge_operator.cc(15): fatal error C1083: Cannot open include file: 'include/org_rocksdb_StringAppendOperator.h': No such file or directory [C:\Users\aretter\code\rocksdb\build\java\rocksdbjni.vcxproj]
  c:\users\aretter\code\rocksdb\java\rocksjni\options.cc(13): fatal error C1083: Cannot open include file: 'include/org_rocksdb_Options.h': No such file or directory [C:\Users\aretter\code\rocksdb\build\java\rocksdbjni.vcxproj]
  c:\users\aretter\code\rocksdb\java\rocksjni\ratelimiterjni.cc(9): fatal error C1083: Cannot open include file: 'include/org_rocksdb_GenericRateLimiterConfig.h': No such file or directory [C:\Users\aretter\code\rocksdb\build\java\rocksdbjni.vcxproj]
  c:\users\aretter\code\rocksdb\java\rocksjni\remove_emptyvalue_compactionfilterjni.cc(8): fatal error C1083: Cannot open include file: 'include/org_rocksdb_RemoveEmptyValueCompactionFilter.h': No such file or directory [C:\Users\aretter\code\rocksdb\build\java\rocksdbjni.vcxproj]
  c:\users\aretter\code\rocksdb\java\rocksjni\restorejni.cc(15): fatal error C1083: Cannot open include file: 'include/org_rocksdb_RestoreOptions.h': No such file or directory [C:\Users\aretter\code\rocksdb\build\java\rocksdbjni.vcxproj]
  c:\users\aretter\code\rocksdb\java\rocksjni\rocksjni.cc(18): fatal error C1083: Cannot open include file: 'include/org_rocksdb_RocksDB.h': No such file or directory [C:\Users\aretter\code\rocksdb\build\java\rocksdbjni.vcxproj]
  c:\users\aretter\code\rocksdb\java\rocksjni\slice.cc(14): fatal error C1083: Cannot open include file: 'include/org_rocksdb_AbstractSlice.h': No such file or directory [C:\Users\aretter\code\rocksdb\build\java\rocksdbjni.vcxproj]
  c:\users\aretter\code\rocksdb\java\rocksjni\snapshot.cc(12): fatal error C1083: Cannot open include file: 'include/org_rocksdb_Snapshot.h': No such file or directory [C:\Users\aretter\code\rocksdb\build\java\rocksdbjni.vcxproj]
  c:\users\aretter\code\rocksdb\java\rocksjni\statistics.cc(13): fatal error C1083: Cannot open include file: 'include/org_rocksdb_Statistics.h': No such file or directory [C:\Users\aretter\code\rocksdb\build\java\rocksdbjni.vcxproj]
  c:\users\aretter\code\rocksdb\java\rocksjni\table.cc(9): fatal error C1083: Cannot open include file: 'include/org_rocksdb_PlainTableConfig.h': No such file or directory [C:\Users\aretter\code\rocksdb\build\java\rocksdbjni.vcxproj]
  c:\users\aretter\code\rocksdb\java\rocksjni\transaction_log.cc(13): fatal error C1083: Cannot open include file: 'include/org_rocksdb_TransactionLogIterator.h': No such file or directory [C:\Users\aretter\code\rocksdb\build\java\rocksdbjni.vcxproj]
  c:\users\aretter\code\rocksdb\java\rocksjni\ttl.cc(16): fatal error C1083: Cannot open include file: 'include/org_rocksdb_TtlDB.h': No such file or directory [C:\Users\aretter\code\rocksdb\build\java\rocksdbjni.vcxproj]
  c:\users\aretter\code\rocksdb\java\rocksjni\write_batch.cc(10): fatal error C1083: Cannot open include file: 'include/org_rocksdb_WriteBatch.h': No such file or directory [C:\Users\aretter\code\rocksdb\build\java\rocksdbjni.vcxproj]
  c:\users\aretter\code\rocksdb\java\rocksjni\write_batch_with_index.cc(9): fatal error C1083: Cannot open include file: 'include/org_rocksdb_WBWIRocksIterator.h': No such file or directory [C:\Users\aretter\code\rocksdb\build\java\rocksdbjni.vcxproj]
  c:\users\aretter\code\rocksdb\java\rocksjni\write_batch_test.cc(13): fatal error C1083: Cannot open include file: 'include/org_rocksdb_WriteBatch.h': No such file or directory [C:\Users\aretter\code\rocksdb\build\java\rocksdbjni.vcxproj]

    1 Warning(s)
    26 Error(s)

Time Elapsed 00:15:43.03
```

So it seems that `javah` is never run to generate the files that should go into  `c:\users\aretter\code\rocksdb\java\include`

So the error seems to occur because the folder `java\classes` doesn't exist as required in `java\CMakeLists.txt` on lines [161](https://github.com/facebook/rocksdb/blob/master/java/CMakeLists.txt#L161) and [162](https://github.com/facebook/rocksdb/blob/master/java/CMakeLists.txt#L162):

``` cmake
execute_process(COMMAND ${JAVAC} -cp ${JAVA_TESTCLASSPATH} -d ${PROJECT_SOURCE_DIR}/java/classes ${PROJECT_SOURCE_DIR}/java/src/main/java/org/rocksdb/util/*.java ${PROJECT_SOURCE_DIR}/java/src/main/java/org/rocksdb/*.java ${PROJECT_SOURCE_DIR}/java/src/test/java/org/rocksdb/*.java)
execute_process(COMMAND ${JAVAH} -cp ${PROJECT_SOURCE_DIR}/java/classes -d ${PROJECT_SOURCE_DIR}/java/include -jni ${NATIVE_JAVA_CLASSES})
```

