Error when "make"
g++ -g  -I. -I./include -std=gnu++11  -DROCKSDB_PLATFORM_POSIX  -DOS_LINUX -fno-builtin-memcmp -DROCKSDB_ATOMIC_PRESENT -DROCKSDB_FALLOCATE_PRESENT -DSNAPPY -DGFLAGS -DZLIB -DBZIP2   -DHAVE_JEMALLOC -O2 -fno-omit-frame-pointer -momit-leaf-frame-pointer -Woverloaded-virtual -c util/autovector_test.cc -o util/autovector_test.o 
util/autovector_test.cc: In member function ‘void rocksdb::_Test_PerfBench::_Run()’:
util/autovector_test.cc:242:66: error: unable to deduce ‘std::initializer_list<_Tp>&&’ from ‘{0ul, 1ul, 4u, rocksdb::kSize, 16u}’
util/autovector_test.cc:242:66: error: unable to deduce ‘auto’ from ‘<expression error>’
util/autovector_test.cc:261:66: error: unable to deduce ‘std::initializer_list<_Tp>&&’ from ‘{0ul, 1ul, 4u, rocksdb::kSize, 16u}’
util/autovector_test.cc:261:66: error: unable to deduce ‘auto’ from ‘<expression error>’
make: **\* [util/autovector_test.o] Error 1

and My env:
Ubuntu 13.10;  gcc 4.7.3;  g++ 4.7.3;

Will take a look.

seems `size_t` is defined differently in your environment. I've get rid the mix use of `unsigned long` and `size_t` and hope it can solve your problem.

