# JRE version: Java(TM) SE Runtime Environment (7.0_60-b19) (build 1.7.0_60-b19)
# Java VM: Java HotSpot(TM) 64-Bit Server VM (24.60-b09 mixed mode bsd-amd64 compressed oops)
Heap
 par new generation   total 306688K, used 59721K [0x0000000799600000, 0x00000007ae2c0000, 0x00000007ae2c0000)
  eden space 272640K,  16% used [0x0000000799600000, 0x000000079c217820, 0x00000007aa040000)
  from space 34048K,  42% used [0x00000007ac180000, 0x00000007acfbace0, 0x00000007ae2c0000)
  to   space 34048K,   0% used [0x00000007aa040000, 0x00000007aa040000, 0x00000007ac180000)
 concurrent mark-sweep generation total 1256704K, used 0K [0x00000007ae2c0000, 0x00000007fae00000, 0x00000007fae00000)
 concurrent-mark-sweep perm gen total 22784K, used 22743K [0x00000007fae00000, 0x00000007fc440000, 0x0000000800000000)
GC Heap History (2 events):
Event: 2.889 GC heap before
{Heap before GC invocations=0 (full 0):
 par new generation   total 306688K, used 272640K [0x0000000799600000, 0x00000007ae2c0000, 0x00000007ae2c0000)
  eden space 272640K, 100% used [0x0000000799600000, 0x00000007aa040000, 0x00000007aa040000)
  from space 34048K,   0% used [0x00000007aa040000, 0x00000007aa040000, 0x00000007ac180000)
  to   space 34048K,   0% used [0x00000007ac180000, 0x00000007ac180000, 0x00000007ae2c0000)
 concurrent mark-sweep generation total 1256704K, used 0K [0x00000007ae2c0000, 0x00000007fae00000, 0x00000007fae00000)
 concurrent-mark-sweep perm gen total 22784K, used 22722K [0x00000007fae00000, 0x00000007fc440000, 0x0000000800000000)
Event: 2.910 GC heap after
Heap after GC invocations=1 (full 0):
 par new generation   total 306688K, used 14571K [0x0000000799600000, 0x00000007ae2c0000, 0x00000007ae2c0000)
  eden space 272640K,   0% used [0x0000000799600000, 0x0000000799600000, 0x00000007aa040000)
  from space 34048K,  42% used [0x00000007ac180000, 0x00000007acfbace0, 0x00000007ae2c0000)
  to   space 34048K,   0% used [0x00000007aa040000, 0x00000007aa040000, 0x00000007ac180000)
 concurrent mark-sweep generation total 1256704K, used 0K [0x00000007ae2c0000, 0x00000007fae00000, 0x00000007fae00000)
 concurrent-mark-sweep perm gen total 22784K, used 22722K [0x00000007fae00000, 0x00000007fc440000, 0x0000000800000000)
}

# JRE version: Java(TM) SE Runtime Environment (8.0_40-b27) (build 1.8.0_40-b27)
# Java VM: Java HotSpot(TM) 64-Bit Server VM (25.40-b25 mixed mode bsd-amd64 compressed oops)
# JRE version: Java(TM) SE Runtime Environment (8.0_40-b27) (build 1.8.0_40-b27)
# Java VM: Java HotSpot(TM) 64-Bit Server VM (25.40-b25 mixed mode bsd-amd64 compressed oops)
Heap:
 PSYoungGen      total 35328K, used 1300K [0x00000007aab00000, 0x00000007ad000000, 0x00000007c0000000)
  eden space 32768K, 3% used [0x00000007aab00000,0x00000007aac451a0,0x00000007acb00000)
  from space 2560K, 0% used [0x00000007acb00000,0x00000007acb00000,0x00000007acd80000)
  to   space 2560K, 0% used [0x00000007acd80000,0x00000007acd80000,0x00000007ad000000)
 ParOldGen       total 44032K, used 10202K [0x0000000780000000, 0x0000000782b00000, 0x00000007aab00000)
  object space 44032K, 23% used [0x0000000780000000,0x00000007809f69c8,0x0000000782b00000)
 Metaspace       used 10496K, capacity 10634K, committed 10752K, reserved 1058816K
  class space    used 1395K, capacity 1457K, committed 1536K, reserved 1048576K
GC Heap History (10 events):
Event: 2.590 GC heap before
{Heap before GC invocations=12 (full 5):
 PSYoungGen      total 35328K, used 305K [0x00000007aab00000, 0x00000007ad000000, 0x00000007c0000000)
  eden space 32768K, 0% used [0x00000007aab00000,0x00000007aab00000,0x00000007acb00000)
  from space 2560K, 11% used [0x00000007acb00000,0x00000007acb4c490,0x00000007acd80000)
  to   space 2560K, 0% used [0x00000007acd80000,0x00000007acd80000,0x00000007ad000000)
 ParOldGen       total 44032K, used 10100K [0x0000000780000000, 0x0000000782b00000, 0x00000007aab00000)
  object space 44032K, 22% used [0x0000000780000000,0x00000007809dd0c8,0x0000000782b00000)
 Metaspace       used 10482K, capacity 10538K, committed 10752K, reserved 1058816K
  class space    used 1391K, capacity 1425K, committed 1536K, reserved 1048576K
Event: 2.619 GC heap after
Heap after GC invocations=12 (full 5):
 PSYoungGen      total 35328K, used 0K [0x00000007aab00000, 0x00000007ad000000, 0x00000007c0000000)
  eden space 32768K, 0% used [0x00000007aab00000,0x00000007aab00000,0x00000007acb00000)
  from space 2560K, 0% used [0x00000007acb00000,0x00000007acb00000,0x00000007acd80000)
  to   space 2560K, 0% used [0x00000007acd80000,0x00000007acd80000,0x00000007ad000000)
 ParOldGen       total 44032K, used 10305K [0x0000000780000000, 0x0000000782b00000, 0x00000007aab00000)
  object space 44032K, 23% used [0x0000000780000000,0x0000000780a105f0,0x0000000782b00000)
 Metaspace       used 10482K, capacity 10538K, committed 10752K, reserved 1058816K
  class space    used 1391K, capacity 1425K, committed 1536K, reserved 1048576K
}
Event: 2.872 GC heap before
{Heap before GC invocations=13 (full 5):
 PSYoungGen      total 35328K, used 1300K [0x00000007aab00000, 0x00000007ad000000, 0x00000007c0000000)
  eden space 32768K, 3% used [0x00000007aab00000,0x00000007aac451a0,0x00000007acb00000)
  from space 2560K, 0% used [0x00000007acb00000,0x00000007acb00000,0x00000007acd80000)
  to   space 2560K, 0% used [0x00000007acd80000,0x00000007acd80000,0x00000007ad000000)
 ParOldGen       total 44032K, used 10305K [0x0000000780000000, 0x0000000782b00000, 0x00000007aab00000)
  object space 44032K, 23% used [0x0000000780000000,0x0000000780a105f0,0x0000000782b00000)
 Metaspace       used 10493K, capacity 10570K, committed 10752K, reserved 1058816K
  class space    used 1395K, capacity 1457K, committed 1536K, reserved 1048576K
Event: 2.873 GC heap after
Heap after GC invocations=13 (full 5):
 PSYoungGen      total 35328K, used 128K [0x00000007aab00000, 0x00000007ad000000, 0x00000007c0000000)
  eden space 32768K, 0% used [0x00000007aab00000,0x00000007aab00000,0x00000007acb00000)
  from space 2560K, 5% used [0x00000007acd80000,0x00000007acda0000,0x00000007ad000000)
  to   space 2560K, 0% used [0x00000007acb00000,0x00000007acb00000,0x00000007acd80000)
 ParOldGen       total 44032K, used 10305K [0x0000000780000000, 0x0000000782b00000, 0x00000007aab00000)
  object space 44032K, 23% used [0x0000000780000000,0x0000000780a105f0,0x0000000782b00000)
 Metaspace       used 10493K, capacity 10570K, committed 10752K, reserved 1058816K
  class space    used 1395K, capacity 1457K, committed 1536K, reserved 1048576K
}
Event: 2.873 GC heap before
{Heap before GC invocations=14 (full 6):
 PSYoungGen      total 35328K, used 128K [0x00000007aab00000, 0x00000007ad000000, 0x00000007c0000000)
  eden space 32768K, 0% used [0x00000007aab00000,0x00000007aab00000,0x00000007acb00000)
  from space 2560K, 5% used [0x00000007acd80000,0x00000007acda0000,0x00000007ad000000)
  to   space 2560K, 0% used [0x00000007acb00000,0x00000007acb00000,0x00000007acd80000)
 ParOldGen       total 44032K, used 10305K [0x0000000780000000, 0x0000000782b00000, 0x00000007aab00000)
  object space 44032K, 23% used [0x0000000780000000,0x0000000780a105f0,0x0000000782b00000)
 Metaspace       used 10493K, capacity 10570K, committed 10752K, reserved 1058816K
  class space    used 1395K, capacity 1457K, committed 1536K, reserved 1048576K
Event: 2.895 GC heap after
Heap after GC invocations=14 (full 6):
 PSYoungGen      total 35328K, used 0K [0x00000007aab00000, 0x00000007ad000000, 0x00000007c0000000)
  eden space 32768K, 0% used [0x00000007aab00000,0x00000007aab00000,0x00000007acb00000)
  from space 2560K, 0% used [0x00000007acd80000,0x00000007acd80000,0x00000007ad000000)
  to   space 2560K, 0% used [0x00000007acb00000,0x00000007acb00000,0x00000007acd80000)
 ParOldGen       total 44032K, used 1985K [0x0000000780000000, 0x0000000782b00000, 0x00000007aab00000)
  object space 44032K, 4% used [0x0000000780000000,0x00000007801f07c0,0x0000000782b00000)
 Metaspace       used 10493K, capacity 10570K, committed 10752K, reserved 1058816K
  class space    used 1395K, capacity 1457K, committed 1536K, reserved 1048576K
}
Event: 3.001 GC heap before
{Heap before GC invocations=15 (full 6):
 PSYoungGen      total 35328K, used 9630K [0x00000007aab00000, 0x00000007ad000000, 0x00000007c0000000)
  eden space 32768K, 29% used [0x00000007aab00000,0x00000007ab467ba8,0x00000007acb00000)
  from space 2560K, 0% used [0x00000007acd80000,0x00000007acd80000,0x00000007ad000000)
  to   space 2560K, 0% used [0x00000007acb00000,0x00000007acb00000,0x00000007acd80000)
 ParOldGen       total 44032K, used 1985K [0x0000000780000000, 0x0000000782b00000, 0x00000007aab00000)
  object space 44032K, 4% used [0x0000000780000000,0x00000007801f07c0,0x0000000782b00000)
 Metaspace       used 10496K, capacity 10634K, committed 10752K, reserved 1058816K
  class space    used 1395K, capacity 1457K, committed 1536K, reserved 1048576K
Event: 3.014 GC heap after
Heap after GC invocations=15 (full 6):
 PSYoungGen      total 35328K, used 96K [0x00000007aab00000, 0x00000007ad000000, 0x00000007c0000000)
  eden space 32768K, 0% used [0x00000007aab00000,0x00000007aab00000,0x00000007acb00000)
  from space 2560K, 3% used [0x00000007acb00000,0x00000007acb18000,0x00000007acd80000)
  to   space 2560K, 0% used [0x00000007acd80000,0x00000007acd80000,0x00000007ad000000)
 ParOldGen       total 44032K, used 10185K [0x0000000780000000, 0x0000000782b00000, 0x00000007aab00000)
  object space 44032K, 23% used [0x0000000780000000,0x00000007809f27d0,0x0000000782b00000)
 Metaspace       used 10496K, capacity 10634K, committed 10752K, reserved 1058816K
  class space    used 1395K, capacity 1457K, committed 1536K, reserved 1048576K
}
Event: 3.014 GC heap before
{Heap before GC invocations=16 (full 7):
 PSYoungGen      total 35328K, used 96K [0x00000007aab00000, 0x00000007ad000000, 0x00000007c0000000)
  eden space 32768K, 0% used [0x00000007aab00000,0x00000007aab00000,0x00000007acb00000)
  from space 2560K, 3% used [0x00000007acb00000,0x00000007acb18000,0x00000007acd80000)
  to   space 2560K, 0% used [0x00000007acd80000,0x00000007acd80000,0x00000007ad000000)
 ParOldGen       total 44032K, used 10185K [0x0000000780000000, 0x0000000782b00000, 0x00000007aab00000)
  object space 44032K, 23% used [0x0000000780000000,0x00000007809f27d0,0x0000000782b00000)
 Metaspace       used 10496K, capacity 10634K, committed 10752K, reserved 1058816K
  class space    used 1395K, capacity 1457K, committed 1536K, reserved 1048576K
Event: 3.056 GC heap after
Heap after GC invocations=16 (full 7):
 PSYoungGen      total 35328K, used 0K [0x00000007aab00000, 0x00000007ad000000, 0x00000007c0000000)
  eden space 32768K, 0% used [0x00000007aab00000,0x00000007aab00000,0x00000007acb00000)
  from space 2560K, 0% used [0x00000007acb00000,0x00000007acb00000,0x00000007acd80000)
  to   space 2560K, 0% used [0x00000007acd80000,0x00000007acd80000,0x00000007ad000000)
 ParOldGen       total 44032K, used 10202K [0x0000000780000000, 0x0000000782b00000, 0x00000007aab00000)
  object space 44032K, 23% used [0x0000000780000000,0x00000007809f69c8,0x0000000782b00000)
 Metaspace       used 10496K, capacity 10634K, committed 10752K, reserved 1058816K
  class space    used 1395K, capacity 1457K, committed 1536K, reserved 1048576K
}

