Heap
 PSYoungGen      total 101376K, used 2838K [0x00000006b0a00000, 0x00000006b9100000, 0x0000000800000000)
  eden space 99328K, 0% used [0x00000006b0a00000,0x00000006b0af5b30,0x00000006b6b00000)
  from space 2048K, 90% used [0x00000006b8f00000,0x00000006b90d0000,0x00000006b9100000)
  to   space 4096K, 0% used [0x00000006b8900000,0x00000006b8900000,0x00000006b8d00000)
 ParOldGen       total 161280K, used 59208K [0x0000000411e00000, 0x000000041bb80000, 0x00000006b0a00000)
  object space 161280K, 36% used [0x0000000411e00000,0x00000004157d2270,0x000000041bb80000)
 PSPermGen       total 22016K, used 21281K [0x0000000407800000, 0x0000000408d80000, 0x0000000411e00000)
  object space 22016K, 96% used [0x0000000407800000,0x0000000408cc85e8,0x0000000408d80000)
GC Heap History (10 events):
Event: 4318.919 GC heap before
{Heap before GC invocations=8025 (full 29):
 PSYoungGen      total 112640K, used 112288K [0x00000006b0a00000, 0x00000006b9a80000, 0x0000000800000000)
  eden space 110080K, 100% used [0x00000006b0a00000,0x00000006b7580000,0x00000006b7580000)
  from space 2560K, 86% used [0x00000006b9200000,0x00000006b9428000,0x00000006b9480000)
  to   space 4608K, 0% used [0x00000006b9600000,0x00000006b9600000,0x00000006b9a80000)
 ParOldGen       total 161280K, used 52281K [0x0000000411e00000, 0x000000041bb80000, 0x00000006b0a00000)
  object space 161280K, 32% used [0x0000000411e00000,0x000000041510e708,0x000000041bb80000)
 PSPermGen       total 22016K, used 21281K [0x0000000407800000, 0x0000000408d80000, 0x0000000411e00000)
  object space 22016K, 96% used [0x0000000407800000,0x0000000408cc85e8,0x0000000408d80000)
Event: 4318.923 GC heap after
Heap after GC invocations=8025 (full 29):
 PSYoungGen      total 108032K, used 192K [0x00000006b0a00000, 0x00000006b9680000, 0x0000000800000000)
  eden space 107520K, 0% used [0x00000006b0a00000,0x00000006b0a00000,0x00000006b7300000)
  from space 512K, 37% used [0x00000006b9600000,0x00000006b9630000,0x00000006b9680000)
  to   space 4608K, 0% used [0x00000006b8d80000,0x00000006b8d80000,0x00000006b9200000)
 ParOldGen       total 161280K, used 54241K [0x0000000411e00000, 0x000000041bb80000, 0x00000006b0a00000)
  object space 161280K, 33% used [0x0000000411e00000,0x00000004152f8660,0x000000041bb80000)
 PSPermGen       total 22016K, used 21281K [0x0000000407800000, 0x0000000408d80000, 0x0000000411e00000)
  object space 22016K, 96% used [0x0000000407800000,0x0000000408cc85e8,0x0000000408d80000)
}
Event: 4319.342 GC heap before
{Heap before GC invocations=8026 (full 29):
 PSYoungGen      total 108032K, used 107712K [0x00000006b0a00000, 0x00000006b9680000, 0x0000000800000000)
  eden space 107520K, 100% used [0x00000006b0a00000,0x00000006b7300000,0x00000006b7300000)
  from space 512K, 37% used [0x00000006b9600000,0x00000006b9630000,0x00000006b9680000)
  to   space 4608K, 0% used [0x00000006b8d80000,0x00000006b8d80000,0x00000006b9200000)
 ParOldGen       total 161280K, used 54241K [0x0000000411e00000, 0x000000041bb80000, 0x00000006b0a00000)
  object space 161280K, 33% used [0x0000000411e00000,0x00000004152f8660,0x000000041bb80000)
 PSPermGen       total 22016K, used 21281K [0x0000000407800000, 0x0000000408d80000, 0x0000000411e00000)
  object space 22016K, 96% used [0x0000000407800000,0x0000000408cc85e8,0x0000000408d80000)
Event: 4319.346 GC heap after
Heap after GC invocations=8026 (full 29):
 PSYoungGen      total 110080K, used 2060K [0x00000006b0a00000, 0x00000006b9680000, 0x0000000800000000)
  eden space 105472K, 0% used [0x00000006b0a00000,0x00000006b0a00000,0x00000006b7100000)
  from space 4608K, 44% used [0x00000006b8d80000,0x00000006b8f83208,0x00000006b9200000)
  to   space 4096K, 0% used [0x00000006b9280000,0x00000006b9280000,0x00000006b9680000)
 ParOldGen       total 161280K, used 54305K [0x0000000411e00000, 0x000000041bb80000, 0x00000006b0a00000)
  object space 161280K, 33% used [0x0000000411e00000,0x0000000415308660,0x000000041bb80000)
 PSPermGen       total 22016K, used 21281K [0x0000000407800000, 0x0000000408d80000, 0x0000000411e00000)
  object space 22016K, 96% used [0x0000000407800000,0x0000000408cc85e8,0x0000000408d80000)
}
Event: 4319.815 GC heap before
{Heap before GC invocations=8027 (full 29):
 PSYoungGen      total 110080K, used 107532K [0x00000006b0a00000, 0x00000006b9680000, 0x0000000800000000)
  eden space 105472K, 100% used [0x00000006b0a00000,0x00000006b7100000,0x00000006b7100000)
  from space 4608K, 44% used [0x00000006b8d80000,0x00000006b8f83208,0x00000006b9200000)
  to   space 4096K, 0% used [0x00000006b9280000,0x00000006b9280000,0x00000006b9680000)
 ParOldGen       total 161280K, used 54305K [0x0000000411e00000, 0x000000041bb80000, 0x00000006b0a00000)
  object space 161280K, 33% used [0x0000000411e00000,0x0000000415308660,0x000000041bb80000)
 PSPermGen       total 22016K, used 21281K [0x0000000407800000, 0x0000000408d80000, 0x0000000411e00000)
  object space 22016K, 96% used [0x0000000407800000,0x0000000408cc85e8,0x0000000408d80000)
Event: 4319.818 GC heap after
Heap after GC invocations=8027 (full 29):
 PSYoungGen      total 107008K, used 3584K [0x00000006b0a00000, 0x00000006b9600000, 0x0000000800000000)
  eden space 103424K, 0% used [0x00000006b0a00000,0x00000006b0a00000,0x00000006b6f00000)
  from space 3584K, 100% used [0x00000006b9280000,0x00000006b9600000,0x00000006b9600000)
  to   space 4608K, 0% used [0x00000006b8d00000,0x00000006b8d00000,0x00000006b9180000)
 ParOldGen       total 161280K, used 54441K [0x0000000411e00000, 0x000000041bb80000, 0x00000006b0a00000)
  object space 161280K, 33% used [0x0000000411e00000,0x000000041532a660,0x000000041bb80000)
 PSPermGen       total 22016K, used 21281K [0x0000000407800000, 0x0000000408d80000, 0x0000000411e00000)
  object space 22016K, 96% used [0x0000000407800000,0x0000000408cc85e8,0x0000000408d80000)
}
Event: 4321.126 GC heap before
{Heap before GC invocations=8028 (full 29):
 PSYoungGen      total 107008K, used 107008K [0x00000006b0a00000, 0x00000006b9600000, 0x0000000800000000)
  eden space 103424K, 100% used [0x00000006b0a00000,0x00000006b6f00000,0x00000006b6f00000)
  from space 3584K, 100% used [0x00000006b9280000,0x00000006b9600000,0x00000006b9600000)
  to   space 4608K, 0% used [0x00000006b8d00000,0x00000006b8d00000,0x00000006b9180000)
 ParOldGen       total 161280K, used 54441K [0x0000000411e00000, 0x000000041bb80000, 0x00000006b0a00000)
  object space 161280K, 33% used [0x0000000411e00000,0x000000041532a660,0x000000041bb80000)
 PSPermGen       total 22016K, used 21281K [0x0000000407800000, 0x0000000408d80000, 0x0000000411e00000)
  object space 22016K, 96% used [0x0000000407800000,0x0000000408cc85e8,0x0000000408d80000)
Event: 4321.131 GC heap after
Heap after GC invocations=8028 (full 29):
 PSYoungGen      total 103424K, used 1600K [0x00000006b0a00000, 0x00000006b9300000, 0x0000000800000000)
  eden space 101376K, 0% used [0x00000006b0a00000,0x00000006b0a00000,0x00000006b6d00000)
  from space 2048K, 78% used [0x00000006b8d00000,0x00000006b8e90000,0x00000006b8f00000)
  to   space 4096K, 0% used [0x00000006b8f00000,0x00000006b8f00000,0x00000006b9300000)
 ParOldGen       total 161280K, used 57768K [0x0000000411e00000, 0x000000041bb80000, 0x00000006b0a00000)
  object space 161280K, 35% used [0x0000000411e00000,0x000000041566a270,0x000000041bb80000)
 PSPermGen       total 22016K, used 21281K [0x0000000407800000, 0x0000000408d80000, 0x0000000411e00000)
  object space 22016K, 96% used [0x0000000407800000,0x0000000408cc85e8,0x0000000408d80000)
}
Event: 4322.088 GC heap before
{Heap before GC invocations=8029 (full 29):
 PSYoungGen      total 103424K, used 102976K [0x00000006b0a00000, 0x00000006b9300000, 0x0000000800000000)
  eden space 101376K, 100% used [0x00000006b0a00000,0x00000006b6d00000,0x00000006b6d00000)
  from space 2048K, 78% used [0x00000006b8d00000,0x00000006b8e90000,0x00000006b8f00000)
  to   space 4096K, 0% used [0x00000006b8f00000,0x00000006b8f00000,0x00000006b9300000)
 ParOldGen       total 161280K, used 57768K [0x0000000411e00000, 0x000000041bb80000, 0x00000006b0a00000)
  object space 161280K, 35% used [0x0000000411e00000,0x000000041566a270,0x000000041bb80000)
 PSPermGen       total 22016K, used 21281K [0x0000000407800000, 0x0000000408d80000, 0x0000000411e00000)
  object space 22016K, 96% used [0x0000000407800000,0x0000000408cc85e8,0x0000000408d80000)
Event: 4322.091 GC heap after
Heap after GC invocations=8029 (full 29):
 PSYoungGen      total 101376K, used 1856K [0x00000006b0a00000, 0x00000006b9100000, 0x0000000800000000)
  eden space 99328K, 0% used [0x00000006b0a00000,0x00000006b0a00000,0x00000006b6b00000)
  from space 2048K, 90% used [0x00000006b8f00000,0x00000006b90d0000,0x00000006b9100000)
  to   space 4096K, 0% used [0x00000006b8900000,0x00000006b8900000,0x00000006b8d00000)
 ParOldGen       total 161280K, used 59208K [0x0000000411e00000, 0x000000041bb80000, 0x00000006b0a00000)
  object space 161280K, 36% used [0x0000000411e00000,0x00000004157d2270,0x000000041bb80000)
 PSPermGen       total 22016K, used 21281K [0x0000000407800000, 0x0000000408d80000, 0x0000000411e00000)
  object space 22016K, 96% used [0x0000000407800000,0x0000000408cc85e8,0x0000000408d80000)
}

