I am running 'make check' on my Linux Arch and it fails, probably because of the latest gcc (4.9.1).

```
g++ -march=x86-64 -mtune=generic -O2 -pipe -fstack-protector-strong --param=ssp-buffer-size=4 -g -Wall -Werror -Wsign-compare -I. -I./include -std=c++11 -march=x86-64 -mtune=generic -O2 -pipe -fstack-protector-strong --param=ssp-buffer-size=4 -DROCKSDB_PLATFORM_POSIX -march=x86-64 -mtune=generic -O2 -pipe -fstack-protector-strong --param=ssp-buffer-size=4 -DOS_LINUX -fno-builtin-memcmp -DROCKSDB_ATOMIC_PRESENT -DROCKSDB_FALLOCATE_PRESENT -DSNAPPY -DGFLAGS=gflags -DZLIB -DBZIP2 -DLZ4   -DHAVE_JEMALLOC -O2 -fno-omit-frame-pointer -momit-leaf-frame-pointer -Woverloaded-virtual -c table/block_test.cc -o table/block_test.o 
g++ -march=x86-64 -mtune=generic -O2 -pipe -fstack-protector-strong --param=ssp-buffer-size=4 -g -Wall -Werror -Wsign-compare -I. -I./include -std=c++11 -march=x86-64 -mtune=generic -O2 -pipe -fstack-protector-strong --param=ssp-buffer-size=4 -DROCKSDB_PLATFORM_POSIX -march=x86-64 -mtune=generic -O2 -pipe -fstack-protector-strong --param=ssp-buffer-size=4 -DOS_LINUX -fno-builtin-memcmp -DROCKSDB_ATOMIC_PRESENT -DROCKSDB_FALLOCATE_PRESENT -DSNAPPY -DGFLAGS=gflags -DZLIB -DBZIP2 -DLZ4   -DHAVE_JEMALLOC -O2 -fno-omit-frame-pointer -momit-leaf-frame-pointer -Woverloaded-virtual -c util/bloom_test.cc -o util/bloom_test.o 
g++ -march=x86-64 -mtune=generic -O2 -pipe -fstack-protector-strong --param=ssp-buffer-size=4 -g -Wall -Werror -Wsign-compare -I. -I./include -std=c++11 -march=x86-64 -mtune=generic -O2 -pipe -fstack-protector-strong --param=ssp-buffer-size=4 -DROCKSDB_PLATFORM_POSIX -march=x86-64 -mtune=generic -O2 -pipe -fstack-protector-strong --param=ssp-buffer-size=4 -DOS_LINUX -fno-builtin-memcmp -DROCKSDB_ATOMIC_PRESENT -DROCKSDB_FALLOCATE_PRESENT -DSNAPPY -DGFLAGS=gflags -DZLIB -DBZIP2 -DLZ4   -DHAVE_JEMALLOC -O2 -fno-omit-frame-pointer -momit-leaf-frame-pointer -Woverloaded-virtual -c util/dynamic_bloom_test.cc -o util/dynamic_bloom_test.o 
cc -march=x86-64 -mtune=generic -O2 -pipe -fstack-protector-strong --param=ssp-buffer-size=4 -g -Wall -Werror -Wsign-compare -I. -I./include -DROCKSDB_PLATFORM_POSIX -march=x86-64 -mtune=generic -O2 -pipe -fstack-protector-strong --param=ssp-buffer-size=4 -DOS_LINUX -fno-builtin-memcmp -DROCKSDB_ATOMIC_PRESENT -DROCKSDB_FALLOCATE_PRESENT -DSNAPPY -DGFLAGS=gflags -DZLIB -DBZIP2 -DLZ4   -DHAVE_JEMALLOC -O2 -fno-omit-frame-pointer -momit-leaf-frame-pointer -c db/c_test.c -o db/c_test.o
g++ -march=x86-64 -mtune=generic -O2 -pipe -fstack-protector-strong --param=ssp-buffer-size=4 -g -Wall -Werror -Wsign-compare -I. -I./include -std=c++11 -march=x86-64 -mtune=generic -O2 -pipe -fstack-protector-strong --param=ssp-buffer-size=4 -DROCKSDB_PLATFORM_POSIX -march=x86-64 -mtune=generic -O2 -pipe -fstack-protector-strong --param=ssp-buffer-size=4 -DOS_LINUX -fno-builtin-memcmp -DROCKSDB_ATOMIC_PRESENT -DROCKSDB_FALLOCATE_PRESENT -DSNAPPY -DGFLAGS=gflags -DZLIB -DBZIP2 -DLZ4   -DHAVE_JEMALLOC -O2 -fno-omit-frame-pointer -momit-leaf-frame-pointer -Woverloaded-virtual -c util/cache_test.cc -o util/cache_test.o 
g++ -march=x86-64 -mtune=generic -O2 -pipe -fstack-protector-strong --param=ssp-buffer-size=4 -g -Wall -Werror -Wsign-compare -I. -I./include -std=c++11 -march=x86-64 -mtune=generic -O2 -pipe -fstack-protector-strong --param=ssp-buffer-size=4 -DROCKSDB_PLATFORM_POSIX -march=x86-64 -mtune=generic -O2 -pipe -fstack-protector-strong --param=ssp-buffer-size=4 -DOS_LINUX -fno-builtin-memcmp -DROCKSDB_ATOMIC_PRESENT -DROCKSDB_FALLOCATE_PRESENT -DSNAPPY -DGFLAGS=gflags -DZLIB -DBZIP2 -DLZ4   -DHAVE_JEMALLOC -O2 -fno-omit-frame-pointer -momit-leaf-frame-pointer -Woverloaded-virtual -c util/coding_test.cc -o util/coding_test.o 
g++ -march=x86-64 -mtune=generic -O2 -pipe -fstack-protector-strong --param=ssp-buffer-size=4 -g -Wall -Werror -Wsign-compare -I. -I./include -std=c++11 -march=x86-64 -mtune=generic -O2 -pipe -fstack-protector-strong --param=ssp-buffer-size=4 -DROCKSDB_PLATFORM_POSIX -march=x86-64 -mtune=generic -O2 -pipe -fstack-protector-strong --param=ssp-buffer-size=4 -DOS_LINUX -fno-builtin-memcmp -DROCKSDB_ATOMIC_PRESENT -DROCKSDB_FALLOCATE_PRESENT -DSNAPPY -DGFLAGS=gflags -DZLIB -DBZIP2 -DLZ4   -DHAVE_JEMALLOC -O2 -fno-omit-frame-pointer -momit-leaf-frame-pointer -Woverloaded-virtual -c db/corruption_test.cc -o db/corruption_test.o 
g++ -march=x86-64 -mtune=generic -O2 -pipe -fstack-protector-strong --param=ssp-buffer-size=4 -g -Wall -Werror -Wsign-compare -I. -I./include -std=c++11 -march=x86-64 -mtune=generic -O2 -pipe -fstack-protector-strong --param=ssp-buffer-size=4 -DROCKSDB_PLATFORM_POSIX -march=x86-64 -mtune=generic -O2 -pipe -fstack-protector-strong --param=ssp-buffer-size=4 -DOS_LINUX -fno-builtin-memcmp -DROCKSDB_ATOMIC_PRESENT -DROCKSDB_FALLOCATE_PRESENT -DSNAPPY -DGFLAGS=gflags -DZLIB -DBZIP2 -DLZ4   -DHAVE_JEMALLOC -O2 -fno-omit-frame-pointer -momit-leaf-frame-pointer -Woverloaded-virtual -c util/crc32c_test.cc -o util/crc32c_test.o 
g++ -march=x86-64 -mtune=generic -O2 -pipe -fstack-protector-strong --param=ssp-buffer-size=4 -g -Wall -Werror -Wsign-compare -I. -I./include -std=c++11 -march=x86-64 -mtune=generic -O2 -pipe -fstack-protector-strong --param=ssp-buffer-size=4 -DROCKSDB_PLATFORM_POSIX -march=x86-64 -mtune=generic -O2 -pipe -fstack-protector-strong --param=ssp-buffer-size=4 -DOS_LINUX -fno-builtin-memcmp -DROCKSDB_ATOMIC_PRESENT -DROCKSDB_FALLOCATE_PRESENT -DSNAPPY -DGFLAGS=gflags -DZLIB -DBZIP2 -DLZ4   -DHAVE_JEMALLOC -O2 -fno-omit-frame-pointer -momit-leaf-frame-pointer -Woverloaded-virtual -c db/dbformat_test.cc -o db/dbformat_test.o 
In file included from db/db_iter_test.cc:17:0:
db/db_iter_test.cc: In member function ‘void rocksdb::_Test_DBIterator::_Run()’:
./util/testharness.h:134:14: note: variable tracking size limit exceeded with -fvar-tracking-assignments, retrying without
 void TCONCAT(_Test_,name)::_Run()
              ^
./util/testharness.h:121:23: note: in definition of macro ‘TCONCAT1’
 #define TCONCAT1(a,b) a##b
                       ^
./util/testharness.h:134:6: note: in expansion of macro ‘TCONCAT’
 void TCONCAT(_Test_,name)::_Run()
      ^
db/db_iter_test.cc:588:1: note: in expansion of macro ‘TEST’
 TEST(DBIteratorTest, DBIterator) {
 ^
g++ -march=x86-64 -mtune=generic -O2 -pipe -fstack-protector-strong --param=ssp-buffer-size=4 -g -Wall -Werror -Wsign-compare -I. -I./include -std=c++11 -march=x86-64 -mtune=generic -O2 -pipe -fstack-protector-strong --param=ssp-buffer-size=4 -DROCKSDB_PLATFORM_POSIX -march=x86-64 -mtune=generic -O2 -pipe -fstack-protector-strong --param=ssp-buffer-size=4 -DOS_LINUX -fno-builtin-memcmp -DROCKSDB_ATOMIC_PRESENT -DROCKSDB_FALLOCATE_PRESENT -DSNAPPY -DGFLAGS=gflags -DZLIB -DBZIP2 -DLZ4   -DHAVE_JEMALLOC -O2 -fno-omit-frame-pointer -momit-leaf-frame-pointer -Woverloaded-virtual -c util/env_test.cc -o util/env_test.o 
g++ -march=x86-64 -mtune=generic -O2 -pipe -fstack-protector-strong --param=ssp-buffer-size=4 -g -Wall -Werror -Wsign-compare -I. -I./include -std=c++11 -march=x86-64 -mtune=generic -O2 -pipe -fstack-protector-strong --param=ssp-buffer-size=4 -DROCKSDB_PLATFORM_POSIX -march=x86-64 -mtune=generic -O2 -pipe -fstack-protector-strong --param=ssp-buffer-size=4 -DOS_LINUX -fno-builtin-memcmp -DROCKSDB_ATOMIC_PRESENT -DROCKSDB_FALLOCATE_PRESENT -DSNAPPY -DGFLAGS=gflags -DZLIB -DBZIP2 -DLZ4   -DHAVE_JEMALLOC -O2 -fno-omit-frame-pointer -momit-leaf-frame-pointer -Woverloaded-virtual -c util/blob_store_test.cc -o util/blob_store_test.o 
g++ -march=x86-64 -mtune=generic -O2 -pipe -fstack-protector-strong --param=ssp-buffer-size=4 -g -Wall -Werror -Wsign-compare -I. -I./include -std=c++11 -march=x86-64 -mtune=generic -O2 -pipe -fstack-protector-strong --param=ssp-buffer-size=4 -DROCKSDB_PLATFORM_POSIX -march=x86-64 -mtune=generic -O2 -pipe -fstack-protector-strong --param=ssp-buffer-size=4 -DOS_LINUX -fno-builtin-memcmp -DROCKSDB_ATOMIC_PRESENT -DROCKSDB_FALLOCATE_PRESENT -DSNAPPY -DGFLAGS=gflags -DZLIB -DBZIP2 -DLZ4   -DHAVE_JEMALLOC -O2 -fno-omit-frame-pointer -momit-leaf-frame-pointer -Woverloaded-virtual -c util/filelock_test.cc -o util/filelock_test.o 
In file included from util/env_test.cc:30:0:
./util/testharness.h: In instantiation of ‘rocksdb::test::Tester& rocksdb::test::Tester::IsEq(const X&, const Y&) [with X = long unsigned int; Y = long int]’:
util/env_test.cc:541:3:   required from here
./util/testharness.h:93:19: error: comparison between signed and unsigned integer expressions [-Werror=sign-compare]
   BINARY_OP(IsEq, ==)
                   ^
./util/testharness.h:86:14: note: in definition of macro ‘BINARY_OP’
     if (! (x op y)) {                                   \
              ^
g++ -march=x86-64 -mtune=generic -O2 -pipe -fstack-protector-strong --param=ssp-buffer-size=4 -g -Wall -Werror -Wsign-compare -I. -I./include -std=c++11 -march=x86-64 -mtune=generic -O2 -pipe -fstack-protector-strong --param=ssp-buffer-size=4 -DROCKSDB_PLATFORM_POSIX -march=x86-64 -mtune=generic -O2 -pipe -fstack-protector-strong --param=ssp-buffer-size=4 -DOS_LINUX -fno-builtin-memcmp -DROCKSDB_ATOMIC_PRESENT -DROCKSDB_FALLOCATE_PRESENT -DSNAPPY -DGFLAGS=gflags -DZLIB -DBZIP2 -DLZ4   -DHAVE_JEMALLOC -O2 -fno-omit-frame-pointer -momit-leaf-frame-pointer -Woverloaded-virtual -c db/filename_test.cc -o db/filename_test.o 
g++ -march=x86-64 -mtune=generic -O2 -pipe -fstack-protector-strong --param=ssp-buffer-size=4 -g -Wall -Werror -Wsign-compare -I. -I./include -std=c++11 -march=x86-64 -mtune=generic -O2 -pipe -fstack-protector-strong --param=ssp-buffer-size=4 -DROCKSDB_PLATFORM_POSIX -march=x86-64 -mtune=generic -O2 -pipe -fstack-protector-strong --param=ssp-buffer-size=4 -DOS_LINUX -fno-builtin-memcmp -DROCKSDB_ATOMIC_PRESENT -DROCKSDB_FALLOCATE_PRESENT -DSNAPPY -DGFLAGS=gflags -DZLIB -DBZIP2 -DLZ4   -DHAVE_JEMALLOC -O2 -fno-omit-frame-pointer -momit-leaf-frame-pointer -Woverloaded-virtual -c table/block_based_filter_block_test.cc -o table/block_based_filter_block_test.o 
g++ -march=x86-64 -mtune=generic -O2 -pipe -fstack-protector-strong --param=ssp-buffer-size=4 -g -Wall -Werror -Wsign-compare -I. -I./include -std=c++11 -march=x86-64 -mtune=generic -O2 -pipe -fstack-protector-strong --param=ssp-buffer-size=4 -DROCKSDB_PLATFORM_POSIX -march=x86-64 -mtune=generic -O2 -pipe -fstack-protector-strong --param=ssp-buffer-size=4 -DOS_LINUX -fno-builtin-memcmp -DROCKSDB_ATOMIC_PRESENT -DROCKSDB_FALLOCATE_PRESENT -DSNAPPY -DGFLAGS=gflags -DZLIB -DBZIP2 -DLZ4   -DHAVE_JEMALLOC -O2 -fno-omit-frame-pointer -momit-leaf-frame-pointer -Woverloaded-virtual -c table/full_filter_block_test.cc -o table/full_filter_block_test.o 
cc1plus: all warnings being treated as errors
Makefile:623: recipe for target 'util/env_test.o' failed
make: *** [util/env_test.o] Error 1
make: *** Waiting for unfinished jobs....
```

