Hi, all

When I run make jtest, it seems that I failed on an assertation in db/column_family.cc

```

cd java;/Applications/Xcode.app/Contents/Developer/usr/bin/make sample;/Applications/Xcode.app/Contents/Developer/usr/bin/make test;
mkdir -p target/classes
javac -d target/classes\
        src/main/java/org/rocksdb/util/*.java\
        src/main/java/org/rocksdb/*.java
javah -cp target/classes -d ./include -jni org.rocksdb.AbstractComparator org.rocksdb.AbstractSlice org.rocksdb.BackupableDB org.rocksdb.BackupableDBOptions org.rocksdb.BlockBasedTableConfig org.rocksdb.BloomFilter org.rocksdb.Checkpoint org.rocksdb.ColumnFamilyHandle org.rocksdb.ColumnFamilyOptions org.rocksdb.Comparator org.rocksdb.ComparatorOptions org.rocksdb.DBOptions org.rocksdb.DirectComparator org.rocksdb.DirectSlice org.rocksdb.FlushOptions org.rocksdb.Filter org.rocksdb.GenericRateLimiterConfig org.rocksdb.HashLinkedListMemTableConfig org.rocksdb.HashSkipListMemTableConfig org.rocksdb.MergeOperator org.rocksdb.Options org.rocksdb.PlainTableConfig org.rocksdb.ReadOptions org.rocksdb.RestoreBackupableDB org.rocksdb.RestoreOptions org.rocksdb.RocksDB org.rocksdb.RocksEnv org.rocksdb.RocksIterator org.rocksdb.SkipListMemTableConfig org.rocksdb.Slice org.rocksdb.Statistics org.rocksdb.TransactionLogIterator org.rocksdb.TtlDB org.rocksdb.VectorMemTableConfig org.rocksdb.Snapshot org.rocksdb.StringAppendOperator org.rocksdb.WriteBatch org.rocksdb.WriteBatch.Handler org.rocksdb.WriteOptions org.rocksdb.WriteBatchWithIndex org.rocksdb.WBWIRocksIterator
mkdir -p samples/target/classes
javac -cp target/classes -d samples/target/classes samples/src/main/java/RocksDBSample.java
java -ea -Xcheck:jni -Djava.library.path=target -cp target/classes:samples/target/classes RocksDBSample /tmp/rocksdbjni
RocksDBSample
caught the expceted exception -- org.rocksdb.RocksDBException: Invalid argument: /tmp/rocksdbjni_not_found: does not exist (create_if_missing is false)
Get('hello') = world
1 2 3 4 5 6 7 8 9 
2 4 6 8 10 12 14 16 18 
3 6 9 12 15 18 21 24 27 
4 8 12 16 20 24 28 32 36 
5 10 15 20 25 30 35 40 45 
6 12 18 24 30 36 42 48 54 
7 14 21 28 35 42 49 56 63 
8 16 24 32 40 48 56 64 72 
9 18 27 36 45 54 63 72 81 
100 110 120 130 140 150 160 170 180 190 
110 121 132 143 154 165 176 187 198 209 
120 132 144 156 168 180 192 204 216 228 
130 143 156 169 182 195 208 221 234 247 
140 154 168 182 196 210 224 238 252 266 
150 165 180 195 210 225 240 255 270 285 
160 176 192 208 224 240 256 272 288 304 
170 187 204 221 238 255 272 289 306 323 
180 198 216 234 252 270 288 306 324 342 
190 209 228 247 266 285 304 323 342 361 
getTickerCount() passed.
geHistogramData() passed.
iterator seekToFirst tests passed.
iterator seekToLastPassed tests passed.
iterator seek test passed.
iterator tests passed.
mkdir -p target/classes
javac -d target/classes\
        src/main/java/org/rocksdb/util/*.java\
        src/main/java/org/rocksdb/*.java
javah -cp target/classes -d ./include -jni org.rocksdb.AbstractComparator org.rocksdb.AbstractSlice org.rocksdb.BackupableDB org.rocksdb.BackupableDBOptions org.rocksdb.BlockBasedTableConfig org.rocksdb.BloomFilter org.rocksdb.Checkpoint org.rocksdb.ColumnFamilyHandle org.rocksdb.ColumnFamilyOptions org.rocksdb.Comparator org.rocksdb.ComparatorOptions org.rocksdb.DBOptions org.rocksdb.DirectComparator org.rocksdb.DirectSlice org.rocksdb.FlushOptions org.rocksdb.Filter org.rocksdb.GenericRateLimiterConfig org.rocksdb.HashLinkedListMemTableConfig org.rocksdb.HashSkipListMemTableConfig org.rocksdb.MergeOperator org.rocksdb.Options org.rocksdb.PlainTableConfig org.rocksdb.ReadOptions org.rocksdb.RestoreBackupableDB org.rocksdb.RestoreOptions org.rocksdb.RocksDB org.rocksdb.RocksEnv org.rocksdb.RocksIterator org.rocksdb.SkipListMemTableConfig org.rocksdb.Slice org.rocksdb.Statistics org.rocksdb.TransactionLogIterator org.rocksdb.TtlDB org.rocksdb.VectorMemTableConfig org.rocksdb.Snapshot org.rocksdb.StringAppendOperator org.rocksdb.WriteBatch org.rocksdb.WriteBatch.Handler org.rocksdb.WriteOptions org.rocksdb.WriteBatchWithIndex org.rocksdb.WBWIRocksIterator
mkdir -p "test-libs"
test -s "test-libs/junit-4.12.jar" || curl -k -L -o test-libs/junit-4.12.jar http://search.maven.org/remotecontent?filepath=junit/junit/4.12/junit-4.12.jar
test -s "test-libs/hamcrest-core-1.3.jar" || curl -k -L -o test-libs/hamcrest-core-1.3.jar http://search.maven.org/remotecontent?filepath=org/hamcrest/hamcrest-core/1.3/hamcrest-core-1.3.jar
test -s "test-libs/mockito-all-1.10.19.jar" || curl -k -L -o "test-libs/mockito-all-1.10.19.jar" http://search.maven.org/remotecontent?filepath=org/mockito/mockito-all/1.10.19/mockito-all-1.10.19.jar
test -s "test-libs/cglib-2.2.2.jar" || curl -k -L -o "test-libs/cglib-2.2.2.jar" http://search.maven.org/remotecontent?filepath=cglib/cglib/2.2.2/cglib-2.2.2.jar
test -s "test-libs/assertj-core-1.7.1.jar" || curl -k -L -o "test-libs/assertj-core-1.7.1.jar" http://central.maven.org/maven2/org/assertj/assertj-core/1.7.1/assertj-core-1.7.1.jar
mkdir -p target/test-classes
javac -cp target/classes:test-libs/junit-4.12.jar:test-libs/hamcrest-core-1.3.jar:test-libs/mockito-all-1.10.19.jar:test-libs/cglib-2.2.2.jar:test-libs/assertj-core-1.7.1.jar -d target/test-classes\
        src/test/java/org/rocksdb/test/*.java\
        src/test/java/org/rocksdb/util/*.java\
        src/test/java/org/rocksdb/*.java
Note: Some input files use or override a deprecated API.
Note: Recompile with -Xlint:deprecation for details.
Note: src/test/java/org/rocksdb/AbstractComparatorTest.java uses unchecked or unsafe operations.
Note: Recompile with -Xlint:unchecked for details.
javah -cp target/classes:target/test-classes -d ./include -jni org.rocksdb.WriteBatchTest org.rocksdb.WriteBatchTestInternalHelper
java -ea -Xcheck:jni -Djava.library.path=target -cp "target/classes:target/test-classes:test-libs/junit-4.12.jar:test-libs/hamcrest-core-1.3.jar:test-libs/mockito-all-1.10.19.jar:test-libs/cglib-2.2.2.jar:test-libs/assertj-core-1.7.1.jar" org.rocksdb.test.RocksJunitRunner org.rocksdb.BackupableDBOptionsTest org.rocksdb.BackupableDBTest org.rocksdb.BlockBasedTableConfigTest org.rocksdb.CheckPointTest org.rocksdb.ColumnFamilyOptionsTest org.rocksdb.ColumnFamilyTest org.rocksdb.ComparatorOptionsTest org.rocksdb.ComparatorTest org.rocksdb.CompressionOptionsTest org.rocksdb.DBOptionsTest org.rocksdb.DirectComparatorTest org.rocksdb.DirectSliceTest org.rocksdb.util.EnvironmentTest org.rocksdb.FilterTest org.rocksdb.FlushTest org.rocksdb.InfoLogLevelTest org.rocksdb.KeyMayExistTest org.rocksdb.MemTableTest org.rocksdb.MergeTest org.rocksdb.MixedOptionsTest org.rocksdb.OptionsTest org.rocksdb.PlainTableConfigTest org.rocksdb.ReadOnlyTest org.rocksdb.ReadOptionsTest org.rocksdb.RocksDBTest org.rocksdb.RocksEnvTest org.rocksdb.RocksIteratorTest org.rocksdb.util.SizeUnitTest org.rocksdb.SliceTest org.rocksdb.SnapshotTest org.rocksdb.TransactionLogIteratorTest org.rocksdb.TtlDBTest org.rocksdb.StatisticsCollectorTest org.rocksdb.WriteBatchHandlerTest org.rocksdb.WriteBatchTest org.rocksdb.WriteOptionsTest org.rocksdb.WriteBatchWithIndexTest
Run: org.rocksdb.BackupableDBOptionsTest testing now -> failSetSyncIfDisposed 
Run: org.rocksdb.BackupableDBOptionsTest testing now -> shareTableFiles 
Run: org.rocksdb.BackupableDBOptionsTest testing now -> failBackupRateLimitIfDisposed 
Run: org.rocksdb.BackupableDBOptionsTest testing now -> failBackupDirIsNull 
Run: org.rocksdb.BackupableDBOptionsTest testing now -> backupRateLimit 
Run: org.rocksdb.BackupableDBOptionsTest testing now -> failBackupDirIfDisposed 
Run: org.rocksdb.BackupableDBOptionsTest testing now -> restoreRateLimit 
Run: org.rocksdb.BackupableDBOptionsTest testing now -> failSyncIfDisposed 
Run: org.rocksdb.BackupableDBOptionsTest testing now -> failRestoreRateLimitIfDisposed 
Run: org.rocksdb.BackupableDBOptionsTest testing now -> failShareTableFilesIfDisposed 
Run: org.rocksdb.BackupableDBOptionsTest testing now -> sync 
Run: org.rocksdb.BackupableDBOptionsTest testing now -> failDestroyOldDataIfDisposed 
Run: org.rocksdb.BackupableDBOptionsTest testing now -> backupLogFiles 
Run: org.rocksdb.BackupableDBOptionsTest testing now -> failBackupLogFilesIfDisposed 
Run: org.rocksdb.BackupableDBOptionsTest testing now -> failSetRestoreRateLimitIfDisposed 
Run: org.rocksdb.BackupableDBOptionsTest testing now -> failSetDestroyOldDataIfDisposed 
Run: org.rocksdb.BackupableDBOptionsTest testing now -> shareFilesWithChecksum 
Run: org.rocksdb.BackupableDBOptionsTest testing now -> failSetBackupLogFilesIfDisposed 
Run: org.rocksdb.BackupableDBOptionsTest testing now -> failSetBackupRateLimitIfDisposed 
Run: org.rocksdb.BackupableDBOptionsTest testing now -> backupDir 
Run: org.rocksdb.BackupableDBOptionsTest testing now -> failShareFilesWithChecksumIfDisposed 
Run: org.rocksdb.BackupableDBOptionsTest testing now -> failSetShareTableFilesIfDisposed 
Run: org.rocksdb.BackupableDBOptionsTest testing now -> failSetShareFilesWithChecksumIfDisposed 
Run: org.rocksdb.BackupableDBOptionsTest testing now -> destroyOldData 
Run: org.rocksdb.BackupableDBTest testing now -> deleteBackup 
Run: org.rocksdb.BackupableDBTest testing now -> purgeOldBackupsWithRestoreBackupableDb 
Run: org.rocksdb.BackupableDBTest testing now -> restoreFromBackup 
Run: org.rocksdb.BackupableDBTest testing now -> deleteBackupWithRestoreBackupableDB 
Run: org.rocksdb.BackupableDBTest testing now -> restoreLatestBackup 
Run: org.rocksdb.BackupableDBTest testing now -> purgeOldBackups 
Run: org.rocksdb.BackupableDBTest testing now -> backupDb 
Run: org.rocksdb.BlockBasedTableConfigTest testing now -> blockBasedTableWithFilter 
Run: org.rocksdb.BlockBasedTableConfigTest testing now -> blockSizeDeviation 
Run: org.rocksdb.BlockBasedTableConfigTest testing now -> noBlockCache 
Run: org.rocksdb.BlockBasedTableConfigTest testing now -> blockBasedTableWithoutFilter 
Run: org.rocksdb.BlockBasedTableConfigTest testing now -> blockCacheCompressedSize 
Run: org.rocksdb.BlockBasedTableConfigTest testing now -> blockBasedTableFormatVersionFailNegative 
Run: org.rocksdb.BlockBasedTableConfigTest testing now -> blockBasedTableFormatVersionFailIllegalVersion 
Run: org.rocksdb.BlockBasedTableConfigTest testing now -> cacheNumShardBits 
Run: org.rocksdb.BlockBasedTableConfigTest testing now -> indexType 
Run: org.rocksdb.BlockBasedTableConfigTest testing now -> hashIndexAllowCollision 
Run: org.rocksdb.BlockBasedTableConfigTest testing now -> blockBasedTableFormatVersion 
Run: org.rocksdb.BlockBasedTableConfigTest testing now -> cacheIndexAndFilterBlocks 
Run: org.rocksdb.BlockBasedTableConfigTest testing now -> checksumType 
Run: org.rocksdb.BlockBasedTableConfigTest testing now -> blockRestartInterval 
Run: org.rocksdb.BlockBasedTableConfigTest testing now -> blockSize 
Run: org.rocksdb.BlockBasedTableConfigTest testing now -> wholeKeyFiltering 
Run: org.rocksdb.BlockBasedTableConfigTest testing now -> blockCacheSize 
Run: org.rocksdb.BlockBasedTableConfigTest testing now -> blockCacheCompressedNumShardBits 
Run: org.rocksdb.CheckPointTest testing now -> checkPoint 
Run: org.rocksdb.CheckPointTest testing now -> failIfDbNotInitialized 
Run: org.rocksdb.CheckPointTest testing now -> failWithIllegalPath 
Run: org.rocksdb.CheckPointTest testing now -> failIfDbIsNull 
Run: org.rocksdb.ColumnFamilyOptionsTest testing now -> compressionTypes 
Run: org.rocksdb.ColumnFamilyOptionsTest testing now -> linkageOfPrepMethods 
Run: org.rocksdb.ColumnFamilyOptionsTest testing now -> targetFileSizeMultiplier 
Run: org.rocksdb.ColumnFamilyOptionsTest testing now -> expandedCompactionFactor 
Run: org.rocksdb.ColumnFamilyOptionsTest testing now -> purgeRedundantKvsWhileFlush 
Run: org.rocksdb.ColumnFamilyOptionsTest testing now -> maxBytesForLevelBase 
Run: org.rocksdb.ColumnFamilyOptionsTest testing now -> bloomLocality 
Run: org.rocksdb.ColumnFamilyOptionsTest testing now -> disableAutoCompactions 
Run: org.rocksdb.ColumnFamilyOptionsTest testing now -> failColumnFamilyOptionsFromPropsWithIllegalValue 
Run: org.rocksdb.ColumnFamilyOptionsTest testing now -> rateLimitDelayMaxMilliseconds 
Run: org.rocksdb.ColumnFamilyOptionsTest testing now -> maxBytesForLevelMultiplier 
Run: org.rocksdb.ColumnFamilyOptionsTest testing now -> minWriteBufferNumberToMerge 
Run: org.rocksdb.ColumnFamilyOptionsTest testing now -> comparator 
Run: org.rocksdb.ColumnFamilyOptionsTest testing now -> shouldSetTestPrefixExtractor 
Run: org.rocksdb.ColumnFamilyOptionsTest testing now -> maxSequentialSkipInIterations 
Run: org.rocksdb.ColumnFamilyOptionsTest testing now -> memTable 
Run: org.rocksdb.ColumnFamilyOptionsTest testing now -> getColumnFamilyOptionsFromProps 
Run: org.rocksdb.ColumnFamilyOptionsTest testing now -> failColumnFamilyOptionsFromPropsWithEmptyProps 
Run: org.rocksdb.ColumnFamilyOptionsTest testing now -> verifyChecksumsInCompaction 
Run: org.rocksdb.ColumnFamilyOptionsTest testing now -> sourceCompactionFactor 
Run: org.rocksdb.ColumnFamilyOptionsTest testing now -> levelZeroFileNumCompactionTrigger 
Run: org.rocksdb.ColumnFamilyOptionsTest testing now -> softRateLimit 
Run: org.rocksdb.ColumnFamilyOptionsTest testing now -> arenaBlockSize 
Run: org.rocksdb.ColumnFamilyOptionsTest testing now -> hardRateLimit 
Run: org.rocksdb.ColumnFamilyOptionsTest testing now -> compactionStyles 
Run: org.rocksdb.ColumnFamilyOptionsTest testing now -> inplaceUpdateSupport 
Run: org.rocksdb.ColumnFamilyOptionsTest testing now -> minPartialMergeOperands 
Run: org.rocksdb.ColumnFamilyOptionsTest testing now -> filterDeletes 
Run: org.rocksdb.ColumnFamilyOptionsTest testing now -> numLevels 
Run: org.rocksdb.ColumnFamilyOptionsTest testing now -> maxMemCompactionLevel 
Run: org.rocksdb.ColumnFamilyOptionsTest testing now -> levelZeroSlowdownWritesTrigger 
Run: org.rocksdb.ColumnFamilyOptionsTest testing now -> writeBufferSize 
Run: org.rocksdb.ColumnFamilyOptionsTest testing now -> memtablePrefixBloomBits 
Run: org.rocksdb.ColumnFamilyOptionsTest testing now -> targetFileSizeBase 
Run: org.rocksdb.ColumnFamilyOptionsTest testing now -> failColumnFamilyOptionsFromPropsWithNullValue 
Run: org.rocksdb.ColumnFamilyOptionsTest testing now -> inplaceUpdateNumLocks 
Run: org.rocksdb.ColumnFamilyOptionsTest testing now -> maxWriteBufferNumber 
Run: org.rocksdb.ColumnFamilyOptionsTest testing now -> maxSuccessiveMerges 
Run: org.rocksdb.ColumnFamilyOptionsTest testing now -> memtablePrefixBloomProbes 
Run: org.rocksdb.ColumnFamilyOptionsTest testing now -> maxGrandparentOverlapFactor 
Run: org.rocksdb.ColumnFamilyOptionsTest testing now -> levelZeroStopWritesTrigger 
Run: org.rocksdb.ColumnFamilyTest testing now -> iterators 
Assertion failed: (refs_.load(std::memory_order_relaxed) == 0), function ~ColumnFamilyData, file db/column_family.cc, line 337.
make[1]: *** [test] Abort trap: 6
make: *** [jtest] Error 2

```

OS: Mac OS X 10.10.2

Compiler: Apple LLVM version 6.0 (clang-600.0.56)

Any solution on this?

Thanks,

Nan

